Using pre-set license
Built from '2021.3/staging' branch; Version is '2021.3.5f1 (40eb3a945986) revision 4254522'; Using compiler version '192829333'; Build Type 'Release'
OS: 'Windows 10  (10.0.19045) 64bit Core' Language: 'en' Physical Memory: 6063 MB
BatchMode: 1, IsHumanControllingUs: 0, StartBugReporterOnCrash: 0, Is64bit: 1, IsPro: 1

COMMAND LINE ARGUMENTS:
C:\Program Files\Unity\Hub\Editor\2021.3.5f1\Editor\Unity.exe
-adb2
-batchMode
-noUpm
-name
AssetImportWorker0
-projectPath
C:/Users/duane/Documents/GitHub/LW-GravityTrails
-logFile
Logs/AssetImportWorker0.log
-srvPort
61041
Successfully changed project path to: C:/Users/duane/Documents/GitHub/LW-GravityTrails
C:/Users/duane/Documents/GitHub/LW-GravityTrails
[UnityMemory] Configuration Parameters - Can be set up in boot.config
    "memorysetup-bucket-allocator-granularity=16"
    "memorysetup-bucket-allocator-bucket-count=8"
    "memorysetup-bucket-allocator-block-size=33554432"
    "memorysetup-bucket-allocator-block-count=8"
    "memorysetup-main-allocator-block-size=16777216"
    "memorysetup-thread-allocator-block-size=16777216"
    "memorysetup-gfx-main-allocator-block-size=16777216"
    "memorysetup-gfx-thread-allocator-block-size=16777216"
    "memorysetup-cache-allocator-block-size=4194304"
    "memorysetup-typetree-allocator-block-size=2097152"
    "memorysetup-profiler-bucket-allocator-granularity=16"
    "memorysetup-profiler-bucket-allocator-bucket-count=8"
    "memorysetup-profiler-bucket-allocator-block-size=33554432"
    "memorysetup-profiler-bucket-allocator-block-count=8"
    "memorysetup-profiler-allocator-block-size=16777216"
    "memorysetup-profiler-editor-allocator-block-size=1048576"
    "memorysetup-temp-allocator-size-main=16777216"
    "memorysetup-job-temp-allocator-block-size=2097152"
    "memorysetup-job-temp-allocator-block-size-background=1048576"
    "memorysetup-job-temp-allocator-reduction-small-platforms=262144"
    "memorysetup-temp-allocator-size-background-worker=32768"
    "memorysetup-temp-allocator-size-job-worker=262144"
    "memorysetup-temp-allocator-size-preload-manager=33554432"
    "memorysetup-temp-allocator-size-nav-mesh-worker=65536"
    "memorysetup-temp-allocator-size-audio-worker=65536"
    "memorysetup-temp-allocator-size-cloud-worker=32768"
    "memorysetup-temp-allocator-size-gi-baking-worker=262144"
    "memorysetup-temp-allocator-size-gfx=262144"
Refreshing native plugins compatible for Editor in 169.50 ms, found 3 plugins.
Preloading 0 native plugins for Editor in 0.00 ms.
Initialize engine version: 2021.3.5f1 (40eb3a945986)
[Subsystems] Discovering subsystems at path C:/Program Files/Unity/Hub/Editor/2021.3.5f1/Editor/Data/Resources/UnitySubsystems
[Subsystems] Discovering subsystems at path C:/Users/duane/Documents/GitHub/LW-GravityTrails/Assets
GfxDevice: creating device client; threaded=0; jobified=0
Direct3D:
    Version:  Direct3D 11.0 [level 11.1]
    Renderer: AMD Radeon(TM) Graphics (ID=0x15d8)
    Vendor:   ATI
    VRAM:     3031 MB
    Driver:   30.0.13044.0
Initialize mono
Mono path[0] = 'C:/Program Files/Unity/Hub/Editor/2021.3.5f1/Editor/Data/Managed'
Mono path[1] = 'C:/Program Files/Unity/Hub/Editor/2021.3.5f1/Editor/Data/MonoBleedingEdge/lib/mono/unityjit-win32'
Mono config path = 'C:/Program Files/Unity/Hub/Editor/2021.3.5f1/Editor/Data/MonoBleedingEdge/etc'
Using monoOptions --debugger-agent=transport=dt_socket,embedding=1,server=y,suspend=n,address=127.0.0.1:56984
Begin MonoManager ReloadAssembly
Registering precompiled unity dll's ...
Register platform support module: C:/Program Files/Unity/Hub/Editor/2021.3.5f1/Editor/Data/PlaybackEngines/WindowsStandaloneSupport/UnityEditor.WindowsStandalone.Extensions.dll
Registered in 0.020280 seconds.
Native extension for WindowsStandalone target not found
Refreshing native plugins compatible for Editor in 225.13 ms, found 3 plugins.
Preloading 0 native plugins for Editor in 0.00 ms.
Mono: successfully reloaded assembly
- Completed reload, in  1.859 seconds
Domain Reload Profiling:
	ReloadAssembly (1861ms)
		BeginReloadAssembly (196ms)
			ExecutionOrderSort (0ms)
			DisableScriptedObjects (0ms)
			BackupInstance (0ms)
			ReleaseScriptingObjects (0ms)
			CreateAndSetChildDomain (2ms)
		EndReloadAssembly (1350ms)
			LoadAssemblies (188ms)
			RebuildTransferFunctionScriptingTraits (0ms)
			SetupTypeCache (352ms)
			ReleaseScriptCaches (0ms)
			RebuildScriptCaches (97ms)
			SetupLoadedEditorAssemblies (705ms)
				LogAssemblyErrors (0ms)
				InitializePlatformSupportModulesInManaged (31ms)
				SetLoadedEditorAssemblies (1ms)
				RefreshPlugins (225ms)
				BeforeProcessingInitializeOnLoad (3ms)
				ProcessInitializeOnLoadAttributes (338ms)
				ProcessInitializeOnLoadMethodAttributes (107ms)
				AfterProcessingInitializeOnLoad (0ms)
				EditorAssembliesLoaded (0ms)
			ExecutionOrderSort2 (0ms)
			AwakeInstancesAfterBackupRestoration (0ms)
Platform modules already initialized, skipping
Registering precompiled user dll's ...
Registered in 0.018261 seconds.
Begin MonoManager ReloadAssembly
Symbol file LoadedFromMemory doesn't match image C:\Users\duane\Documents\GitHub\LW-GravityTrails\Library\PackageCache\com.unity.visualscripting@1.7.8\Editor\VisualScripting.Core\Dependencies\YamlDotNet\Unity.VisualScripting.YamlDotNet.dll
Symbol file LoadedFromMemory doesn't match image C:\Users\duane\Documents\GitHub\LW-GravityTrails\Library\PackageCache\com.unity.visualscripting@1.7.8\Editor\VisualScripting.Core\Dependencies\DotNetZip\Unity.VisualScripting.IonicZip.dll
Native extension for WindowsStandalone target not found
Refreshing native plugins compatible for Editor in 1.38 ms, found 3 plugins.
Preloading 0 native plugins for Editor in 0.00 ms.
Mono: successfully reloaded assembly
- Completed reload, in  2.781 seconds
Domain Reload Profiling:
	ReloadAssembly (2783ms)
		BeginReloadAssembly (281ms)
			ExecutionOrderSort (0ms)
			DisableScriptedObjects (13ms)
			BackupInstance (0ms)
			ReleaseScriptingObjects (0ms)
			CreateAndSetChildDomain (46ms)
		EndReloadAssembly (2218ms)
			LoadAssemblies (277ms)
			RebuildTransferFunctionScriptingTraits (0ms)
			SetupTypeCache (622ms)
			ReleaseScriptCaches (2ms)
			RebuildScriptCaches (129ms)
			SetupLoadedEditorAssemblies (1096ms)
				LogAssemblyErrors (0ms)
				InitializePlatformSupportModulesInManaged (15ms)
				SetLoadedEditorAssemblies (1ms)
				RefreshPlugins (2ms)
				BeforeProcessingInitializeOnLoad (361ms)
				ProcessInitializeOnLoadAttributes (611ms)
				ProcessInitializeOnLoadMethodAttributes (74ms)
				AfterProcessingInitializeOnLoad (32ms)
				EditorAssembliesLoaded (1ms)
			ExecutionOrderSort2 (0ms)
			AwakeInstancesAfterBackupRestoration (15ms)
Platform modules already initialized, skipping
========================================================================
Worker process is ready to serve import requests
Launched and connected shader compiler UnityShaderCompiler.exe after 0.14 seconds
Refreshing native plugins compatible for Editor in 3.26 ms, found 3 plugins.
Preloading 0 native plugins for Editor in 0.00 ms.
Unloading 3537 Unused Serialized files (Serialized files now loaded: 0)
Unloading 40 unused Assets / (181.6 KB). Loaded Objects now: 3993.
Memory consumption went from 121.9 MB to 121.7 MB.
Total: 7.336900 ms (FindLiveObjects: 0.777600 ms CreateObjectMapping: 0.159400 ms MarkObjects: 6.013400 ms  DeleteObjects: 0.383200 ms)

AssetImportParameters requested are different than current active one (requested -> active):
  custom:video-decoder-ogg-theora: a1e56fd34408186e4bbccfd4996cb3dc -> 
  custom:container-muxer-webm: aa71ff27fc2769a1b78a27578f13a17b -> 
  custom:container-demuxer-webm: 4f35f7cbe854078d1ac9338744f61a02 -> 
  custom:video-encoder-webm-vp8: eb34c28f22e8b96e1ab97ce403110664 -> 
  custom:audio-encoder-webm-vorbis: bf7c407c2cedff20999df2af8eb42d56 -> 
  custom:framework-win-MediaFoundation: 216162199b28c13a410421893ffa2e32 -> 
  custom:container-demuxer-ogg: 62fdf1f143b41e24485cea50d1cbac27 -> 
  custom:video-decoder-webm-vp8: 9c59270c3fd7afecdb556c50c9e8de78 -> 
  custom:audio-decoder-ogg-vorbis: bf7c407c2cedff20999df2af8eb42d56 -> 
========================================================================
Received Import Request.
  Time since last request: 232436.507976 seconds.
  path: Assets/Animation/Sprites/Crusher/idle/frame0007.png
  artifactKey: Guid(634087d5b88799e4f88c7018a3b1b323) Importer(815301076,1909f56bfc062723c751e8b465ee728b)
Start importing Assets/Animation/Sprites/Crusher/idle/frame0007.png using Guid(634087d5b88799e4f88c7018a3b1b323) Importer(815301076,1909f56bfc062723c751e8b465ee728b)  -> (artifact id: '256069b79ca5ac0de870f278eed45820') in 0.438952 seconds 
========================================================================
Received Import Request.
  Time since last request: 0.000085 seconds.
  path: Assets/Animation/Sprites/Crusher
  artifactKey: Guid(4fe3a0f9f11d11d4487dd1c6f1a4eda4) Importer(815301076,1909f56bfc062723c751e8b465ee728b)
Start importing Assets/Animation/Sprites/Crusher using Guid(4fe3a0f9f11d11d4487dd1c6f1a4eda4) Importer(815301076,1909f56bfc062723c751e8b465ee728b)  -> (artifact id: '4e446f4b0edba867b5fc13fd86515c4a') in 0.021372 seconds 
========================================================================
Received Import Request.
  Time since last request: 0.000093 seconds.
  path: Assets/Animation/Sprites/Crusher/idle/frame0000.png
  artifactKey: Guid(7a4af0069401b6c419d817756afe26d2) Importer(815301076,1909f56bfc062723c751e8b465ee728b)
Start importing Assets/Animation/Sprites/Crusher/idle/frame0000.png using Guid(7a4af0069401b6c419d817756afe26d2) Importer(815301076,1909f56bfc062723c751e8b465ee728b)  -> (artifact id: '98c61e7d2b282552c1cc37d9536e06d1') in 0.065802 seconds 
========================================================================
Received Import Request.
  Time since last request: 0.000078 seconds.
  path: Assets/Animation/Sprites/Crusher/idle
  artifactKey: Guid(f06e8b190efa9484c867e5145abe5f39) Importer(815301076,1909f56bfc062723c751e8b465ee728b)
Start importing Assets/Animation/Sprites/Crusher/idle using Guid(f06e8b190efa9484c867e5145abe5f39) Importer(815301076,1909f56bfc062723c751e8b465ee728b)  -> (artifact id: '2ed80a09c0a2770f4652821cbb4969dc') in 0.022495 seconds 
========================================================================
Received Import Request.
  Time since last request: 0.000075 seconds.
  path: Assets/Animation/Sprites/Crusher/idle/frame0005.png
  artifactKey: Guid(4de31f7afa097cd4e9c3aa4cc8b200f1) Importer(815301076,1909f56bfc062723c751e8b465ee728b)
Start importing Assets/Animation/Sprites/Crusher/idle/frame0005.png using Guid(4de31f7afa097cd4e9c3aa4cc8b200f1) Importer(815301076,1909f56bfc062723c751e8b465ee728b)  -> (artifact id: '1e66efeb809ac1d7f5ab278c1bbad5a2') in 0.052267 seconds 
========================================================================
Received Import Request.
  Time since last request: 0.000066 seconds.
  path: Assets/Animation/Sprites/Crusher/idle/frame0006.png
  artifactKey: Guid(3cf4e69880f3a9241b0578d67d50f76d) Importer(815301076,1909f56bfc062723c751e8b465ee728b)
Start importing Assets/Animation/Sprites/Crusher/idle/frame0006.png using Guid(3cf4e69880f3a9241b0578d67d50f76d) Importer(815301076,1909f56bfc062723c751e8b465ee728b)  -> (artifact id: '500479f52ffdf7c728be3d366cd30d13') in 0.052019 seconds 
========================================================================
Received Import Request.
  Time since last request: 0.000087 seconds.
  path: Assets/Animation/Sprites/Crusher/idle/frame0003.png
  artifactKey: Guid(41a4fbd07ed7c5b478f02dec53ee5afe) Importer(815301076,1909f56bfc062723c751e8b465ee728b)
Start importing Assets/Animation/Sprites/Crusher/idle/frame0003.png using Guid(41a4fbd07ed7c5b478f02dec53ee5afe) Importer(815301076,1909f56bfc062723c751e8b465ee728b)  -> (artifact id: '760a6d43c44e2a960eeb8fbc0f21ec42') in 0.048806 seconds 
========================================================================
Received Import Request.
  Time since last request: 0.000059 seconds.
  path: Assets/Animation/Sprites/Crusher/idle/frame0004.png
  artifactKey: Guid(c0a617cfc02d2bc45aec58734d4bafd9) Importer(815301076,1909f56bfc062723c751e8b465ee728b)
Start importing Assets/Animation/Sprites/Crusher/idle/frame0004.png using Guid(c0a617cfc02d2bc45aec58734d4bafd9) Importer(815301076,1909f56bfc062723c751e8b465ee728b)  -> (artifact id: '5439e6cbe456893d4c492f4bc5ef3a88') in 0.044849 seconds 
========================================================================
Received Import Request.
  Time since last request: 0.000056 seconds.
  path: Assets/Animation/Sprites
  artifactKey: Guid(4f7f67658b76e0342bfc9ca980885a22) Importer(815301076,1909f56bfc062723c751e8b465ee728b)
Start importing Assets/Animation/Sprites using Guid(4f7f67658b76e0342bfc9ca980885a22) Importer(815301076,1909f56bfc062723c751e8b465ee728b)  -> (artifact id: '40e909ddaa99efd4a9d9a0a2f7bfe33a') in 0.020592 seconds 
========================================================================
Received Import Request.
  Time since last request: 0.000077 seconds.
  path: Assets/Animation/Sprites/Crusher/idle/frame0002.png
  artifactKey: Guid(d986224c3ed9adc4e8bc8e6f331e5c02) Importer(815301076,1909f56bfc062723c751e8b465ee728b)
Start importing Assets/Animation/Sprites/Crusher/idle/frame0002.png using Guid(d986224c3ed9adc4e8bc8e6f331e5c02) Importer(815301076,1909f56bfc062723c751e8b465ee728b)  -> (artifact id: '073ae2608837d8d002fa572a5e9053ca') in 0.045400 seconds 
========================================================================
Received Import Request.
  Time since last request: 0.000072 seconds.
  path: Assets/Animation/Sprites/Crusher/idle/frame0001.png
  artifactKey: Guid(f56bad211a5e105448c0a040fd277722) Importer(815301076,1909f56bfc062723c751e8b465ee728b)
Start importing Assets/Animation/Sprites/Crusher/idle/frame0001.png using Guid(f56bad211a5e105448c0a040fd277722) Importer(815301076,1909f56bfc062723c751e8b465ee728b)  -> (artifact id: 'ee2ac6c30eef552ed196b43a8a6e94f4') in 0.052468 seconds 
========================================================================
Received Prepare
Registering precompiled user dll's ...
Registered in 0.019953 seconds.
Begin MonoManager ReloadAssembly
Symbol file LoadedFromMemory doesn't match image C:\Users\duane\Documents\GitHub\LW-GravityTrails\Library\PackageCache\com.unity.visualscripting@1.7.8\Editor\VisualScripting.Core\Dependencies\YamlDotNet\Unity.VisualScripting.YamlDotNet.dll
Symbol file LoadedFromMemory doesn't match image C:\Users\duane\Documents\GitHub\LW-GravityTrails\Library\PackageCache\com.unity.visualscripting@1.7.8\Editor\VisualScripting.Core\Dependencies\DotNetZip\Unity.VisualScripting.IonicZip.dll
Native extension for WindowsStandalone target not found
Refreshing native plugins compatible for Editor in 3.08 ms, found 3 plugins.
Preloading 0 native plugins for Editor in 0.00 ms.
Mono: successfully reloaded assembly
- Completed reload, in  3.244 seconds
Domain Reload Profiling:
	ReloadAssembly (3246ms)
		BeginReloadAssembly (451ms)
			ExecutionOrderSort (0ms)
			DisableScriptedObjects (10ms)
			BackupInstance (0ms)
			ReleaseScriptingObjects (0ms)
			CreateAndSetChildDomain (153ms)
		EndReloadAssembly (2421ms)
			LoadAssemblies (332ms)
			RebuildTransferFunctionScriptingTraits (0ms)
			SetupTypeCache (736ms)
			ReleaseScriptCaches (5ms)
			RebuildScriptCaches (107ms)
			SetupLoadedEditorAssemblies (1079ms)
				LogAssemblyErrors (0ms)
				InitializePlatformSupportModulesInManaged (70ms)
				SetLoadedEditorAssemblies (2ms)
				RefreshPlugins (4ms)
				BeforeProcessingInitializeOnLoad (300ms)
				ProcessInitializeOnLoadAttributes (606ms)
				ProcessInitializeOnLoadMethodAttributes (70ms)
				AfterProcessingInitializeOnLoad (27ms)
				EditorAssembliesLoaded (1ms)
			ExecutionOrderSort2 (0ms)
			AwakeInstancesAfterBackupRestoration (15ms)
Platform modules already initialized, skipping
Refreshing native plugins compatible for Editor in 5.50 ms, found 3 plugins.
Preloading 0 native plugins for Editor in 0.00 ms.
Unloading 3532 Unused Serialized files (Serialized files now loaded: 0)
Unloading 21 unused Assets / (148.9 KB). Loaded Objects now: 4013.
Memory consumption went from 126.1 MB to 125.9 MB.
Total: 8.653400 ms (FindLiveObjects: 0.726100 ms CreateObjectMapping: 0.316100 ms MarkObjects: 7.169800 ms  DeleteObjects: 0.438500 ms)

AssetImportParameters requested are different than current active one (requested -> active):
  custom:video-decoder-ogg-theora: a1e56fd34408186e4bbccfd4996cb3dc -> 
  custom:container-muxer-webm: aa71ff27fc2769a1b78a27578f13a17b -> 
  custom:container-demuxer-webm: 4f35f7cbe854078d1ac9338744f61a02 -> 
  custom:video-encoder-webm-vp8: eb34c28f22e8b96e1ab97ce403110664 -> 
  custom:audio-encoder-webm-vorbis: bf7c407c2cedff20999df2af8eb42d56 -> 
  custom:framework-win-MediaFoundation: 216162199b28c13a410421893ffa2e32 -> 
  custom:container-demuxer-ogg: 62fdf1f143b41e24485cea50d1cbac27 -> 
  custom:video-decoder-webm-vp8: 9c59270c3fd7afecdb556c50c9e8de78 -> 
  custom:audio-decoder-ogg-vorbis: bf7c407c2cedff20999df2af8eb42d56 -> 
========================================================================
Received Import Request.
  Time since last request: 248.297375 seconds.
  path: Assets/Scripts
  artifactKey: Guid(1cbb9e956765ec64f8060b69c82184e8) Importer(815301076,1909f56bfc062723c751e8b465ee728b)
Start importing Assets/Scripts using Guid(1cbb9e956765ec64f8060b69c82184e8) Importer(815301076,1909f56bfc062723c751e8b465ee728b)  -> (artifact id: 'fdaa8af2b1652a5d5883306f4c0f3933') in 0.039222 seconds 
========================================================================
Received Import Request.
  Time since last request: 131.252901 seconds.
  path: Assets/Crush.cs
  artifactKey: Guid(1a4958082ae292a4ab8870883794e3c1) Importer(815301076,1909f56bfc062723c751e8b465ee728b)
Start importing Assets/Crush.cs using Guid(1a4958082ae292a4ab8870883794e3c1) Importer(815301076,1909f56bfc062723c751e8b465ee728b)  -> (artifact id: '2333e73aff6dd0409770d2e3d9324891') in 0.072422 seconds 
========================================================================
Received Import Request.
  Time since last request: 15.565684 seconds.
  path: Assets/Crush.cs
  artifactKey: Guid(1a4958082ae292a4ab8870883794e3c1) Importer(815301076,1909f56bfc062723c751e8b465ee728b)
Start importing Assets/Crush.cs using Guid(1a4958082ae292a4ab8870883794e3c1) Importer(815301076,1909f56bfc062723c751e8b465ee728b)  -> (artifact id: '98efe681f6f886d75d8abbe8485d695f') in 0.012550 seconds 
========================================================================
Received Import Request.
  Time since last request: 44.750833 seconds.
  path: Assets/Crush.cs
  artifactKey: Guid(1a4958082ae292a4ab8870883794e3c1) Importer(815301076,1909f56bfc062723c751e8b465ee728b)
Start importing Assets/Crush.cs using Guid(1a4958082ae292a4ab8870883794e3c1) Importer(815301076,1909f56bfc062723c751e8b465ee728b)  -> (artifact id: 'ca2f22a939cb348647da04486f55615a') in 0.011170 seconds 
========================================================================
Received Import Request.
  Time since last request: 121.207628 seconds.
  path: Assets/Crush.cs
  artifactKey: Guid(1a4958082ae292a4ab8870883794e3c1) Importer(815301076,1909f56bfc062723c751e8b465ee728b)
Start importing Assets/Crush.cs using Guid(1a4958082ae292a4ab8870883794e3c1) Importer(815301076,1909f56bfc062723c751e8b465ee728b)  -> (artifact id: 'cc4381b611eec5bb964ed984a29b5e7c') in 0.016119 seconds 
========================================================================
Received Import Request.
  Time since last request: 39.498855 seconds.
  path: Assets/Crush.cs
  artifactKey: Guid(1a4958082ae292a4ab8870883794e3c1) Importer(815301076,1909f56bfc062723c751e8b465ee728b)
Start importing Assets/Crush.cs using Guid(1a4958082ae292a4ab8870883794e3c1) Importer(815301076,1909f56bfc062723c751e8b465ee728b)  -> (artifact id: 'c94c7053d2fc7c2a0c20bbc392e6628b') in 0.013932 seconds 
========================================================================
Received Import Request.
  Time since last request: 16.247256 seconds.
  path: Assets/Crush.cs
  artifactKey: Guid(1a4958082ae292a4ab8870883794e3c1) Importer(815301076,1909f56bfc062723c751e8b465ee728b)
Start importing Assets/Crush.cs using Guid(1a4958082ae292a4ab8870883794e3c1) Importer(815301076,1909f56bfc062723c751e8b465ee728b)  -> (artifact id: '1a113f76f56f93f4953799e29af6d73d') in 0.008450 seconds 
========================================================================
Received Import Request.
  Time since last request: 153.578048 seconds.
  path: Assets/AbsolutelyBeatenToDeath.cs
  artifactKey: Guid(8bc17b97424526c4cacd90e5a3a0a3cb) Importer(815301076,1909f56bfc062723c751e8b465ee728b)
Start importing Assets/AbsolutelyBeatenToDeath.cs using Guid(8bc17b97424526c4cacd90e5a3a0a3cb) Importer(815301076,1909f56bfc062723c751e8b465ee728b)  -> (artifact id: '4de4be3b9dbb25c4a3128bb908532622') in 0.025496 seconds 
========================================================================
Received Import Request.
  Time since last request: 10.506670 seconds.
  path: Assets/Projectile.cs
  artifactKey: Guid(4c6559f23c729c64e8a17676cb618a40) Importer(815301076,1909f56bfc062723c751e8b465ee728b)
Start importing Assets/Projectile.cs using Guid(4c6559f23c729c64e8a17676cb618a40) Importer(815301076,1909f56bfc062723c751e8b465ee728b)  -> (artifact id: '80c3762d30f8222e51243a86144cebba') in 0.027764 seconds 
========================================================================
Received Import Request.
  Time since last request: 39.068040 seconds.
  path: Assets/Teleport.cs
  artifactKey: Guid(28f9222a2b14ca145ba40721d96304b5) Importer(815301076,1909f56bfc062723c751e8b465ee728b)
Start importing Assets/Teleport.cs using Guid(28f9222a2b14ca145ba40721d96304b5) Importer(815301076,1909f56bfc062723c751e8b465ee728b)  -> (artifact id: '4516332a80c52daa90ee13ebc96ef3d8') in 0.026221 seconds 
========================================================================
Received Prepare
Registering precompiled user dll's ...
Registered in 0.018926 seconds.
Begin MonoManager ReloadAssembly
Symbol file LoadedFromMemory doesn't match image C:\Users\duane\Documents\GitHub\LW-GravityTrails\Library\PackageCache\com.unity.visualscripting@1.7.8\Editor\VisualScripting.Core\Dependencies\YamlDotNet\Unity.VisualScripting.YamlDotNet.dll
Symbol file LoadedFromMemory doesn't match image C:\Users\duane\Documents\GitHub\LW-GravityTrails\Library\PackageCache\com.unity.visualscripting@1.7.8\Editor\VisualScripting.Core\Dependencies\DotNetZip\Unity.VisualScripting.IonicZip.dll
Native extension for WindowsStandalone target not found
Refreshing native plugins compatible for Editor in 2.36 ms, found 3 plugins.
Preloading 0 native plugins for Editor in 0.00 ms.
Mono: successfully reloaded assembly
- Completed reload, in  2.656 seconds
Domain Reload Profiling:
	ReloadAssembly (2658ms)
		BeginReloadAssembly (427ms)
			ExecutionOrderSort (0ms)
			DisableScriptedObjects (19ms)
			BackupInstance (0ms)
			ReleaseScriptingObjects (0ms)
			CreateAndSetChildDomain (110ms)
		EndReloadAssembly (1936ms)
			LoadAssemblies (267ms)
			RebuildTransferFunctionScriptingTraits (0ms)
			SetupTypeCache (574ms)
			ReleaseScriptCaches (3ms)
			RebuildScriptCaches (103ms)
			SetupLoadedEditorAssemblies (954ms)
				LogAssemblyErrors (0ms)
				InitializePlatformSupportModulesInManaged (44ms)
				SetLoadedEditorAssemblies (2ms)
				RefreshPlugins (3ms)
				BeforeProcessingInitializeOnLoad (191ms)
				ProcessInitializeOnLoadAttributes (612ms)
				ProcessInitializeOnLoadMethodAttributes (75ms)
				AfterProcessingInitializeOnLoad (28ms)
				EditorAssembliesLoaded (1ms)
			ExecutionOrderSort2 (0ms)
			AwakeInstancesAfterBackupRestoration (13ms)
Platform modules already initialized, skipping
Refreshing native plugins compatible for Editor in 5.50 ms, found 3 plugins.
Preloading 0 native plugins for Editor in 0.00 ms.
Unloading 3532 Unused Serialized files (Serialized files now loaded: 0)
Unloading 21 unused Assets / (148.8 KB). Loaded Objects now: 4028.
Memory consumption went from 126.1 MB to 126.0 MB.
Total: 8.638400 ms (FindLiveObjects: 0.948600 ms CreateObjectMapping: 0.458800 ms MarkObjects: 6.983700 ms  DeleteObjects: 0.244000 ms)

AssetImportParameters requested are different than current active one (requested -> active):
  custom:video-decoder-ogg-theora: a1e56fd34408186e4bbccfd4996cb3dc -> 
  custom:container-muxer-webm: aa71ff27fc2769a1b78a27578f13a17b -> 
  custom:container-demuxer-webm: 4f35f7cbe854078d1ac9338744f61a02 -> 
  custom:video-encoder-webm-vp8: eb34c28f22e8b96e1ab97ce403110664 -> 
  custom:audio-encoder-webm-vorbis: bf7c407c2cedff20999df2af8eb42d56 -> 
  custom:framework-win-MediaFoundation: 216162199b28c13a410421893ffa2e32 -> 
  custom:container-demuxer-ogg: 62fdf1f143b41e24485cea50d1cbac27 -> 
  custom:video-decoder-webm-vp8: 9c59270c3fd7afecdb556c50c9e8de78 -> 
  custom:audio-decoder-ogg-vorbis: bf7c407c2cedff20999df2af8eb42d56 -> 
========================================================================
Received Prepare
Registering precompiled user dll's ...
Registered in 0.018850 seconds.
Begin MonoManager ReloadAssembly
Symbol file LoadedFromMemory doesn't match image C:\Users\duane\Documents\GitHub\LW-GravityTrails\Library\PackageCache\com.unity.visualscripting@1.7.8\Editor\VisualScripting.Core\Dependencies\YamlDotNet\Unity.VisualScripting.YamlDotNet.dll
Symbol file LoadedFromMemory doesn't match image C:\Users\duane\Documents\GitHub\LW-GravityTrails\Library\PackageCache\com.unity.visualscripting@1.7.8\Editor\VisualScripting.Core\Dependencies\DotNetZip\Unity.VisualScripting.IonicZip.dll
Native extension for WindowsStandalone target not found
Refreshing native plugins compatible for Editor in 1.39 ms, found 3 plugins.
Preloading 0 native plugins for Editor in 0.00 ms.
Mono: successfully reloaded assembly
- Completed reload, in  2.738 seconds
Domain Reload Profiling:
	ReloadAssembly (2740ms)
		BeginReloadAssembly (381ms)
			ExecutionOrderSort (0ms)
			DisableScriptedObjects (13ms)
			BackupInstance (0ms)
			ReleaseScriptingObjects (0ms)
			CreateAndSetChildDomain (90ms)
		EndReloadAssembly (2058ms)
			LoadAssemblies (322ms)
			RebuildTransferFunctionScriptingTraits (0ms)
			SetupTypeCache (719ms)
			ReleaseScriptCaches (3ms)
			RebuildScriptCaches (94ms)
			SetupLoadedEditorAssemblies (886ms)
				LogAssemblyErrors (0ms)
				InitializePlatformSupportModulesInManaged (32ms)
				SetLoadedEditorAssemblies (1ms)
				RefreshPlugins (2ms)
				BeforeProcessingInitializeOnLoad (172ms)
				ProcessInitializeOnLoadAttributes (577ms)
				ProcessInitializeOnLoadMethodAttributes (74ms)
				AfterProcessingInitializeOnLoad (28ms)
				EditorAssembliesLoaded (1ms)
			ExecutionOrderSort2 (0ms)
			AwakeInstancesAfterBackupRestoration (14ms)
Platform modules already initialized, skipping
Refreshing native plugins compatible for Editor in 5.11 ms, found 3 plugins.
Preloading 0 native plugins for Editor in 0.00 ms.
Unloading 3532 Unused Serialized files (Serialized files now loaded: 0)
Unloading 21 unused Assets / (148.8 KB). Loaded Objects now: 4043.
Memory consumption went from 126.2 MB to 126.0 MB.
Total: 28.377500 ms (FindLiveObjects: 1.063700 ms CreateObjectMapping: 8.063000 ms MarkObjects: 18.949500 ms  DeleteObjects: 0.297500 ms)

AssetImportParameters requested are different than current active one (requested -> active):
  custom:video-decoder-ogg-theora: a1e56fd34408186e4bbccfd4996cb3dc -> 
  custom:container-muxer-webm: aa71ff27fc2769a1b78a27578f13a17b -> 
  custom:container-demuxer-webm: 4f35f7cbe854078d1ac9338744f61a02 -> 
  custom:video-encoder-webm-vp8: eb34c28f22e8b96e1ab97ce403110664 -> 
  custom:audio-encoder-webm-vorbis: bf7c407c2cedff20999df2af8eb42d56 -> 
  custom:framework-win-MediaFoundation: 216162199b28c13a410421893ffa2e32 -> 
  custom:container-demuxer-ogg: 62fdf1f143b41e24485cea50d1cbac27 -> 
  custom:video-decoder-webm-vp8: 9c59270c3fd7afecdb556c50c9e8de78 -> 
  custom:audio-decoder-ogg-vorbis: bf7c407c2cedff20999df2af8eb42d56 -> 
========================================================================
Received Prepare
Registering precompiled user dll's ...
Registered in 0.016592 seconds.
Begin MonoManager ReloadAssembly
Symbol file LoadedFromMemory doesn't match image C:\Users\duane\Documents\GitHub\LW-GravityTrails\Library\PackageCache\com.unity.visualscripting@1.7.8\Editor\VisualScripting.Core\Dependencies\YamlDotNet\Unity.VisualScripting.YamlDotNet.dll
Symbol file LoadedFromMemory doesn't match image C:\Users\duane\Documents\GitHub\LW-GravityTrails\Library\PackageCache\com.unity.visualscripting@1.7.8\Editor\VisualScripting.Core\Dependencies\DotNetZip\Unity.VisualScripting.IonicZip.dll
Native extension for WindowsStandalone target not found
Refreshing native plugins compatible for Editor in 2.61 ms, found 3 plugins.
Preloading 0 native plugins for Editor in 0.00 ms.
Mono: successfully reloaded assembly
- Completed reload, in  3.364 seconds
Domain Reload Profiling:
	ReloadAssembly (3367ms)
		BeginReloadAssembly (485ms)
			ExecutionOrderSort (0ms)
			DisableScriptedObjects (19ms)
			BackupInstance (0ms)
			ReleaseScriptingObjects (0ms)
			CreateAndSetChildDomain (131ms)
		EndReloadAssembly (2605ms)
			LoadAssemblies (337ms)
			RebuildTransferFunctionScriptingTraits (0ms)
			SetupTypeCache (767ms)
			ReleaseScriptCaches (5ms)
			RebuildScriptCaches (148ms)
			SetupLoadedEditorAssemblies (1243ms)
				LogAssemblyErrors (0ms)
				InitializePlatformSupportModulesInManaged (48ms)
				SetLoadedEditorAssemblies (1ms)
				RefreshPlugins (3ms)
				BeforeProcessingInitializeOnLoad (228ms)
				ProcessInitializeOnLoadAttributes (819ms)
				ProcessInitializeOnLoadMethodAttributes (103ms)
				AfterProcessingInitializeOnLoad (39ms)
				EditorAssembliesLoaded (1ms)
			ExecutionOrderSort2 (0ms)
			AwakeInstancesAfterBackupRestoration (21ms)
Platform modules already initialized, skipping
Refreshing native plugins compatible for Editor in 6.87 ms, found 3 plugins.
Preloading 0 native plugins for Editor in 0.00 ms.
Unloading 3532 Unused Serialized files (Serialized files now loaded: 0)
Unloading 21 unused Assets / (148.8 KB). Loaded Objects now: 4058.
Memory consumption went from 126.2 MB to 126.1 MB.
Total: 12.023200 ms (FindLiveObjects: 0.680300 ms CreateObjectMapping: 0.207200 ms MarkObjects: 10.366800 ms  DeleteObjects: 0.764700 ms)

AssetImportParameters requested are different than current active one (requested -> active):
  custom:video-decoder-ogg-theora: a1e56fd34408186e4bbccfd4996cb3dc -> 
  custom:container-muxer-webm: aa71ff27fc2769a1b78a27578f13a17b -> 
  custom:container-demuxer-webm: 4f35f7cbe854078d1ac9338744f61a02 -> 
  custom:video-encoder-webm-vp8: eb34c28f22e8b96e1ab97ce403110664 -> 
  custom:audio-encoder-webm-vorbis: bf7c407c2cedff20999df2af8eb42d56 -> 
  custom:framework-win-MediaFoundation: 216162199b28c13a410421893ffa2e32 -> 
  custom:container-demuxer-ogg: 62fdf1f143b41e24485cea50d1cbac27 -> 
  custom:video-decoder-webm-vp8: 9c59270c3fd7afecdb556c50c9e8de78 -> 
  custom:audio-decoder-ogg-vorbis: bf7c407c2cedff20999df2af8eb42d56 -> 
